生成启动时间为 2019/8/3 14:57:13。
     1>项目“C:\Users\Administrator\Desktop\P2-name\C++\C++.vcxproj”在节点 2 上(Build 个目标)。
     1>ClCompile:
         D:\Microsoft Visual Studio 11.0\VC\bin\CL.exe /c /ZI /nologo /W3 /WX- /Od /Oy- /D _MBCS /Gm /EHsc /RTC1 /MDd /GS /fp:precise /Zc:wchar_t /Zc:forScope /Fo"Debug\\" /Fd"Debug\vc110.pdb" /Gd /TP /analyze- /errorReport:prompt test.cpp test1.cpp test2.cpp test3.cpp
         test.cpp
         正在生成代码...
         正在编译...
         test3.cpp
         test2.cpp
         test1.cpp
         正在生成代码...
     1>c:\users\administrator\desktop\p2-name\c++\test2.cpp(63): warning C4715: “CppTest::binary_search”: 不是所有的控件路径都返回值
       Link:
         D:\Microsoft Visual Studio 11.0\VC\bin\link.exe /ERRORREPORT:PROMPT /OUT:"C:\Users\Administrator\Desktop\P2-name\Debug\C++.exe" /INCREMENTAL /NOLOGO kernel32.lib user32.lib gdi32.lib winspool.lib comdlg32.lib advapi32.lib shell32.lib ole32.lib oleaut32.lib uuid.lib odbc32.lib odbccp32.lib /MANIFEST /MANIFESTUAC:"level='asInvoker' uiAccess='false'" /manifest:embed /DEBUG /PDB:"C:\Users\Administrator\Desktop\P2-name\Debug\C++.pdb" /TLBID:1 /DYNAMICBASE /NXCOMPAT /IMPLIB:"C:\Users\Administrator\Desktop\P2-name\Debug\C++.lib" /MACHINE:X86 Debug\test.obj
         Debug\test1.obj
         Debug\test2.obj
         Debug\test3.obj
         C++.vcxproj -> C:\Users\Administrator\Desktop\P2-name\Debug\C++.exe
     1>已完成生成项目“C:\Users\Administrator\Desktop\P2-name\C++\C++.vcxproj”(Build 个目标)的操作。

生成成功。

已用时间 00:05:29.17
