C:\USERS\ADMINISTRATOR\DESKTOP\P2-NAME\C++\DEBUG\TEST.OBJ
C:\USERS\ADMINISTRATOR\DESKTOP\P2-NAME\C++\DEBUG\TEST1.OBJ
C:\USERS\ADMINISTRATOR\DESKTOP\P2-NAME\C++\DEBUG\TEST2.OBJ
C:\USERS\ADMINISTRATOR\DESKTOP\P2-NAME\C++\DEBUG\TEST3.OBJ
C:\USERS\ADMINISTRATOR\DESKTOP\P2-NAME\C++\DEBUG\VC110.PDB
C:\USERS\ADMINISTRATOR\DESKTOP\P2-NAME\DEBUG\C++.ILK
C:\USERS\ADMINISTRATOR\DESKTOP\P2-NAME\DEBUG\C++.EXE
C:\USERS\ADMINISTRATOR\DESKTOP\P2-NAME\DEBUG\C++.PDB
C:\Users\Administrator\Desktop\P2-name\C++\Debug\test.obj
C:\Users\Administrator\Desktop\P2-name\C++\Debug\test1.obj
C:\Users\Administrator\Desktop\P2-name\C++\Debug\test2.obj
C:\Users\Administrator\Desktop\P2-name\C++\Debug\test3.obj
C:\Users\Administrator\Desktop\P2-name\C++\Debug\cl.command.1.tlog
C:\Users\Administrator\Desktop\P2-name\C++\Debug\CL.read.1.tlog
C:\Users\Administrator\Desktop\P2-name\C++\Debug\CL.write.1.tlog
C:\Users\Administrator\Desktop\P2-name\C++\Debug\link-cvtres.read.1.tlog
C:\Users\Administrator\Desktop\P2-name\C++\Debug\link-cvtres.write.1.tlog
C:\Users\Administrator\Desktop\P2-name\C++\Debug\link-rc.read.1.tlog
C:\Users\Administrator\Desktop\P2-name\C++\Debug\link-rc.write.1.tlog
C:\Users\Administrator\Desktop\P2-name\C++\Debug\link.command.1.tlog
C:\Users\Administrator\Desktop\P2-name\C++\Debug\link.read.1.tlog
C:\Users\Administrator\Desktop\P2-name\C++\Debug\link.write.1.tlog
C:\Users\Administrator\Desktop\P2-name\C++\Debug\vc110.idb
C:\Users\Administrator\Desktop\P2-name\C++\Debug\vc110.pdb
C:\Users\Administrator\Desktop\P2-name\Debug\C++.pdb
C:\Users\Administrator\Desktop\P2-name\Debug\C++.exe
C:\Users\Administrator\Desktop\P2-name\Debug\C++.ilk
